Build started 4/12/2015 10:22:03 PM.
     1>Project "C:\CS271\Project\Project.vcxproj" on node 2 (build target(s)).
     1>InitializeBuildStatus:
         Touching "Debug\Project.unsuccessfulbuild".
       _MASM:
         Assembling [Inputs]...
         cmd.exe /C "C:\Users\Brandon Lee\AppData\Local\Temp\tmp7fa30620a7434b838593ac5c7ec770b1.cmd"
         ml.exe /c /nologo /Zi /Fo"Debug\Project00.obj" /Fl"Project.lst" /I "c:\Irvine" /W3 /errorReport:prompt  /TaProject00.asm
       Link:
         c:\Program Files (x86)\Microsoft Visual Studio 10.0\VC\bin\link.exe /ERRORREPORT:PROMPT /OUT:"C:\CS271\Project\Debug\Project.exe" /NOLOGO /LIBPATH:c:\Irvine user32.lib irvine32.lib kernel32.lib user32.lib gdi32.lib winspool.lib comdlg32.lib advapi32.lib shell32.lib ole32.lib oleaut32.lib uuid.lib odbc32.lib odbccp32.lib /MANIFEST /ManifestFile:"Debug\Project.exe.intermediate.manifest" /MANIFESTUAC:"level='asInvoker' uiAccess='false'" /DEBUG /PDB:"C:\CS271\Project\Debug\Project.pdb" /SUBSYSTEM:CONSOLE /TLBID:1 /DYNAMICBASE:NO /IMPLIB:"C:\CS271\Project\Debug\Project.lib" /MACHINE:X86 Debug\Project00.obj
         LINK : C:\CS271\Project\Debug\Project.exe not found or not built by the last incremental link; performing full link
         Project.vcxproj -> C:\CS271\Project\Debug\Project.exe
       Manifest:
         C:\Program Files (x86)\Microsoft SDKs\Windows\v7.0A\bin\mt.exe /nologo /verbose /outputresource:"C:\CS271\Project\Debug\Project.exe;#1" /manifest Debug\Project.exe.intermediate.manifest
       FinalizeBuildStatus:
         Deleting file "Debug\Project.unsuccessfulbuild".
         Touching "Debug\Project.lastbuildstate".
     1>Done Building Project "C:\CS271\Project\Project.vcxproj" (build target(s)).

Build succeeded.

Time Elapsed 00:00:00.88
